<?xml version="1.0" encoding="UTF-8" standalone="yes"?>
<testsuites name="AllTestUnits" tests="2" failures="0" errors="0" time="0.396867">
    <testsuite tests="2" failures="0" errors="0" time="0.396867" timestamp="2017-04-05T14:38:17GMT+05:30" name="Toplevel Test Suite">
        <testcase classname="CalculatorTests" name="testExample" time="0.004855"></testcase>
        <testcase classname="CalculatorTests" name="testPerformanceExample" time="0.391336">
            <system-out>&lt;unknown&gt;:0: Test Case '-[CalculatorTests.CalculatorTests testPerformanceExample]' measured [Time, seconds] average: 0.000, relative standard deviation: 128.639%, values: [0.000003, 0.000001, 0.000000, 0.000000, 0.000000, 0.000000, 0.000000, 0.000000, 0.000000, 0.000000], performanceMetricID:com.apple.XCTPerformanceMetric_WallClockTime, baselineName: "", baselineAverage: , maxPercentRegression: 10.000%, maxPercentRelativeStandardDeviation: 10.000%, maxRegression: 0.100, maxStandardDeviation: 0.100
</system-out>
        </testcase>
    </testsuite>
</testsuites>